<?xml version="1.0" encoding="UTF-8"?>
<testsuite xmlns:xsi="http://www.w3.org/2001/XMLSchema-instance" xsi:noNamespaceSchemaLocation="https://maven.apache.org/surefire/maven-surefire-plugin/xsd/surefire-test-report-3.0.xsd" version="3.0" name="uta.cse3310.GameTest" time="0.012" tests="1" errors="0" skipped="0" failures="0">
  <properties>
    <property name="java.specification.version" value="17"/>
    <property name="sun.jnu.encoding" value="UTF-8"/>
    <property name="java.class.path" value="/home/vboxuser/cse3310_sp24_group_18/target/test-classes:/home/vboxuser/cse3310_sp24_group_18/target/classes:/home/vboxuser/.m2/repository/net/freeutils/jlhttp/2.6/jlhttp-2.6.jar:/home/vboxuser/.m2/repository/com/google/code/gson/gson/2.8.9/gson-2.8.9.jar:/home/vboxuser/.m2/repository/org/java-websocket/Java-WebSocket/1.5.4/Java-WebSocket-1.5.4.jar:/home/vboxuser/.m2/repository/org/slf4j/slf4j-api/2.0.6/slf4j-api-2.0.6.jar:/home/vboxuser/.m2/repository/junit/junit/4.12/junit-4.12.jar:/home/vboxuser/.m2/repository/org/hamcrest/hamcrest-core/1.3/hamcrest-core-1.3.jar:"/>
    <property name="java.vm.vendor" value="Private Build"/>
    <property name="sun.arch.data.model" value="64"/>
    <property name="java.vendor.url" value="Unknown"/>
    <property name="os.name" value="Linux"/>
    <property name="java.vm.specification.version" value="17"/>
    <property name="sun.java.launcher" value="SUN_STANDARD"/>
    <property name="user.country" value="US"/>
    <property name="sun.boot.library.path" value="/usr/lib/jvm/java-17-openjdk-amd64/lib"/>
    <property name="sun.java.command" value="/home/vboxuser/cse3310_sp24_group_18/target/surefire/surefirebooter981475045296962279.jar /home/vboxuser/cse3310_sp24_group_18/target/surefire 2024-04-24T11-48-08_972-jvmRun1 surefire5817679859623445510tmp surefire_04952936610728600147tmp"/>
    <property name="jdk.debug" value="release"/>
    <property name="surefire.test.class.path" value="/home/vboxuser/cse3310_sp24_group_18/target/test-classes:/home/vboxuser/cse3310_sp24_group_18/target/classes:/home/vboxuser/.m2/repository/net/freeutils/jlhttp/2.6/jlhttp-2.6.jar:/home/vboxuser/.m2/repository/com/google/code/gson/gson/2.8.9/gson-2.8.9.jar:/home/vboxuser/.m2/repository/org/java-websocket/Java-WebSocket/1.5.4/Java-WebSocket-1.5.4.jar:/home/vboxuser/.m2/repository/org/slf4j/slf4j-api/2.0.6/slf4j-api-2.0.6.jar:/home/vboxuser/.m2/repository/junit/junit/4.12/junit-4.12.jar:/home/vboxuser/.m2/repository/org/hamcrest/hamcrest-core/1.3/hamcrest-core-1.3.jar:"/>
    <property name="sun.cpu.endian" value="little"/>
    <property name="user.home" value="/home/vboxuser"/>
    <property name="user.language" value="en"/>
    <property name="java.specification.vendor" value="Oracle Corporation"/>
    <property name="java.version.date" value="2023-10-17"/>
    <property name="java.home" value="/usr/lib/jvm/java-17-openjdk-amd64"/>
    <property name="file.separator" value="/"/>
    <property name="basedir" value="/home/vboxuser/cse3310_sp24_group_18"/>
    <property name="java.vm.compressedOopsMode" value="Zero based"/>
    <property name="line.separator" value="&#10;"/>
    <property name="java.vm.specification.vendor" value="Oracle Corporation"/>
    <property name="java.specification.name" value="Java Platform API Specification"/>
    <property name="surefire.real.class.path" value="/home/vboxuser/cse3310_sp24_group_18/target/surefire/surefirebooter981475045296962279.jar"/>
    <property name="sun.management.compiler" value="HotSpot 64-Bit Tiered Compilers"/>
    <property name="java.runtime.version" value="17.0.9+9-Ubuntu-122.04"/>
    <property name="user.name" value="vboxuser"/>
    <property name="path.separator" value=":"/>
    <property name="os.version" value="6.5.0-17-generic"/>
    <property name="java.runtime.name" value="OpenJDK Runtime Environment"/>
    <property name="file.encoding" value="UTF-8"/>
    <property name="java.vm.name" value="OpenJDK 64-Bit Server VM"/>
    <property name="localRepository" value="/home/vboxuser/.m2/repository"/>
    <property name="java.vendor.url.bug" value="Unknown"/>
    <property name="java.io.tmpdir" value="/tmp"/>
    <property name="java.version" value="17.0.9"/>
    <property name="user.dir" value="/home/vboxuser/cse3310_sp24_group_18"/>
    <property name="os.arch" value="amd64"/>
    <property name="java.vm.specification.name" value="Java Virtual Machine Specification"/>
    <property name="native.encoding" value="UTF-8"/>
    <property name="java.library.path" value="/usr/java/packages/lib:/usr/lib/x86_64-linux-gnu/jni:/lib/x86_64-linux-gnu:/usr/lib/x86_64-linux-gnu:/usr/lib/jni:/lib:/usr/lib"/>
    <property name="java.vm.info" value="mixed mode, sharing"/>
    <property name="java.vendor" value="Private Build"/>
    <property name="java.vm.version" value="17.0.9+9-Ubuntu-122.04"/>
    <property name="sun.io.unicode.encoding" value="UnicodeLittle"/>
    <property name="java.class.version" value="61.0"/>
  </properties>
  <testcase name="testCase" classname="uta.cse3310.GameTest" time="0.012">
    <system-out><![CDATA[Words loaded successfully
Creating game with lobby name: TestLobby and room id: TestRoom
Grid for [game: TestLobby room: TestRoom
C z i n g e r _ I t a l d e s i g n _ _ 
_ _ W _ _ _ F _ _ _ N o b l e _ _ _ _ _ 
_ _ M _ _ _ e K o e n i g s e g g _ _ _ 
_ _ o _ _ _ r _ _ P a g a n i _ _ _ _ B 
_ _ t _ _ _ r _ M a y b a c h B _ _ _ e 
_ _ o _ _ _ a _ _ _ _ _ _ _ _ u _ _ _ n 
_ _ r _ _ _ r _ _ _ _ _ _ _ _ g _ _ G t 
_ _ s _ _ _ i _ _ _ _ _ _ _ _ a S _ u l 
A s t o n M a r t i n _ _ L _ t a _ m e 
_ _ A _ M a s e r a t i _ a _ t l _ p y 
_ _ r P o r s c h e _ _ _ m _ i e _ e A 
B _ r _ D e v e l _ _ _ _ b _ _ e _ r p 
r M i _ _ _ _ _ _ _ _ _ _ o _ _ n _ t o 
a c n _ F e n y r _ _ _ _ r Z _ _ _ _ l 
b L e L e v a n t e _ _ _ g e _ _ _ _ l 
h a r H e n n e s s e y _ h n _ _ _ R o 
a r a _ _ _ _ _ _ _ _ _ _ i v _ _ _ i _ 
m e _ _ _ _ _ _ _ _ _ _ _ n o _ _ _ m _ 
_ n _ S p y k e r _ _ _ _ i _ _ _ _ a _ 
_ _ _ A s p a r k _ _ _ _ _ _ _ _ _ c _ 
----------PLACED WORDS-------------
Hennessey Fenyr Levante Brabham AstonMartin Aspark Ferrari Maserati Porsche Arrinera Zenvo WMotors Gumpert Italdesign Noble Apollo Bugatti Pagani Rimac Bentley Lamborghini Devel Czinger Maybach Spyker Saleen McLaren Koenigsegg 

Total words: 28
------------------------------------


josh found the word: Pagani
josh has found: [Pagani]
Word not found or already marked as found: Pagani
adam found the word: Maserati
adam has found: [Maserati]
adam found the word: Aspark
adam has found: [Maserati, Aspark]
Resetting game in lobby: TestLobby
Game reset in lobby: TestLobby
]]></system-out>
  </testcase>
</testsuite>