<?xml version="1.0" encoding="UTF-8"?>
<testsuite xmlns:xsi="http://www.w3.org/2001/XMLSchema-instance" xsi:noNamespaceSchemaLocation="https://maven.apache.org/surefire/maven-surefire-plugin/xsd/surefire-test-report-3.0.xsd" version="3.0" name="uta.cse3310.HttpServerTest" time="1.045" tests="1" errors="0" skipped="0" failures="0">
  <properties>
    <property name="gopherProxySet" value="false"/>
    <property name="awt.toolkit" value="sun.lwawt.macosx.LWCToolkit"/>
    <property name="java.specification.version" value="11"/>
    <property name="sun.cpu.isalist" value=""/>
    <property name="sun.jnu.encoding" value="UTF-8"/>
    <property name="java.class.path" value="/Users/axjh03/cse3310_sp24_group_18/target/test-classes:/Users/axjh03/cse3310_sp24_group_18/target/classes:/Users/axjh03/.m2/repository/net/freeutils/jlhttp/2.6/jlhttp-2.6.jar:/Users/axjh03/.m2/repository/com/google/code/gson/gson/2.8.9/gson-2.8.9.jar:/Users/axjh03/.m2/repository/org/java-websocket/Java-WebSocket/1.5.4/Java-WebSocket-1.5.4.jar:/Users/axjh03/.m2/repository/org/slf4j/slf4j-api/2.0.6/slf4j-api-2.0.6.jar:/Users/axjh03/.m2/repository/junit/junit/4.12/junit-4.12.jar:/Users/axjh03/.m2/repository/org/hamcrest/hamcrest-core/1.3/hamcrest-core-1.3.jar:"/>
    <property name="java.vm.vendor" value="Azul Systems, Inc."/>
    <property name="sun.arch.data.model" value="64"/>
    <property name="java.vendor.url" value="http://www.azul.com/"/>
    <property name="user.timezone" value=""/>
    <property name="java.vm.specification.version" value="11"/>
    <property name="os.name" value="Mac OS X"/>
    <property name="sun.java.launcher" value="SUN_STANDARD"/>
    <property name="user.country" value="US"/>
    <property name="sun.boot.library.path" value="/Users/axjh03/.sdkman/candidates/java/11.0.12-zulu/zulu-11.jdk/Contents/Home/lib"/>
    <property name="sun.java.command" value="/Users/axjh03/cse3310_sp24_group_18/target/surefire/surefirebooter16231867489778216632.jar /Users/axjh03/cse3310_sp24_group_18/target/surefire 2024-04-27T13-04-57_951-jvmRun1 surefire10144975666616316669tmp surefire_08691246599961899820tmp"/>
    <property name="jdk.debug" value="release"/>
    <property name="surefire.test.class.path" value="/Users/axjh03/cse3310_sp24_group_18/target/test-classes:/Users/axjh03/cse3310_sp24_group_18/target/classes:/Users/axjh03/.m2/repository/net/freeutils/jlhttp/2.6/jlhttp-2.6.jar:/Users/axjh03/.m2/repository/com/google/code/gson/gson/2.8.9/gson-2.8.9.jar:/Users/axjh03/.m2/repository/org/java-websocket/Java-WebSocket/1.5.4/Java-WebSocket-1.5.4.jar:/Users/axjh03/.m2/repository/org/slf4j/slf4j-api/2.0.6/slf4j-api-2.0.6.jar:/Users/axjh03/.m2/repository/junit/junit/4.12/junit-4.12.jar:/Users/axjh03/.m2/repository/org/hamcrest/hamcrest-core/1.3/hamcrest-core-1.3.jar:"/>
    <property name="sun.cpu.endian" value="little"/>
    <property name="user.home" value="/Users/axjh03"/>
    <property name="user.language" value="en"/>
    <property name="java.specification.vendor" value="Oracle Corporation"/>
    <property name="java.version.date" value="2021-07-20"/>
    <property name="java.home" value="/Users/axjh03/.sdkman/candidates/java/11.0.12-zulu/zulu-11.jdk/Contents/Home"/>
    <property name="file.separator" value="/"/>
    <property name="basedir" value="/Users/axjh03/cse3310_sp24_group_18"/>
    <property name="java.vm.compressedOopsMode" value="Zero based"/>
    <property name="line.separator" value="&#10;"/>
    <property name="java.specification.name" value="Java Platform API Specification"/>
    <property name="java.vm.specification.vendor" value="Oracle Corporation"/>
    <property name="jdk.vendor.version" value="Zulu11.50+19-CA"/>
    <property name="java.awt.graphicsenv" value="sun.awt.CGraphicsEnvironment"/>
    <property name="surefire.real.class.path" value="/Users/axjh03/cse3310_sp24_group_18/target/surefire/surefirebooter16231867489778216632.jar"/>
    <property name="sun.management.compiler" value="HotSpot 64-Bit Tiered Compilers"/>
    <property name="java.runtime.version" value="11.0.12+7-LTS"/>
    <property name="user.name" value="axjh03"/>
    <property name="path.separator" value=":"/>
    <property name="os.version" value="14.4.1"/>
    <property name="java.runtime.name" value="OpenJDK Runtime Environment"/>
    <property name="file.encoding" value="UTF-8"/>
    <property name="java.vm.name" value="OpenJDK 64-Bit Server VM"/>
    <property name="java.vendor.version" value="Zulu11.50+19-CA"/>
    <property name="localRepository" value="/Users/axjh03/.m2/repository"/>
    <property name="java.vendor.url.bug" value="http://www.azul.com/support/"/>
    <property name="java.io.tmpdir" value="/var/folders/q8/ghn7h1fn33j_4d4_mhfdxw1c0000gn/T/"/>
    <property name="java.version" value="11.0.12"/>
    <property name="user.dir" value="/Users/axjh03/cse3310_sp24_group_18"/>
    <property name="os.arch" value="aarch64"/>
    <property name="java.vm.specification.name" value="Java Virtual Machine Specification"/>
    <property name="java.awt.printerjob" value="sun.lwawt.macosx.CPrinterJob"/>
    <property name="sun.os.patch.level" value="unknown"/>
    <property name="java.library.path" value="/Users/axjh03/Library/Java/Extensions:/Library/Java/Extensions:/Network/Library/Java/Extensions:/System/Library/Java/Extensions:/usr/lib/java:."/>
    <property name="java.vm.info" value="mixed mode"/>
    <property name="java.vendor" value="Azul Systems, Inc."/>
    <property name="java.vm.version" value="11.0.12+7-LTS"/>
    <property name="sun.io.unicode.encoding" value="UnicodeBig"/>
    <property name="java.class.version" value="55.0"/>
  </properties>
  <testcase name="testStart" classname="uta.cse3310.HttpServerTest" time="1.029">
    <system-out><![CDATA[Server started on port 8080
Server started successfully.
]]></system-out>
  </testcase>
</testsuite>